<!DOCTYPE html>

<html>
  <head>
  <meta charset='utf-8'>
  <title>TestNG reports</title>

    <link type="text/css" href="testng-reports.css" rel="stylesheet" />
    <script type="text/javascript" src="jquery-1.7.1.min.js"></script>
    <script type="text/javascript" src="testng-reports.js"></script>
    <script type="text/javascript" src="https://www.google.com/jsapi"></script>
    <script type='text/javascript'>
      google.load('visualization', '1', {packages:['table']});
      google.setOnLoadCallback(drawTable);
      var suiteTableInitFunctions = new Array();
      var suiteTableData = new Array();
    </script>
    <!--
      <script type="text/javascript" src="jquery-ui/js/jquery-ui-1.8.16.custom.min.js"></script>
     -->
  </head>

  <body>
    <div class="top-banner-root">
      <span class="top-banner-title-font">Test results</span>
      <br/>
      <span class="top-banner-font-1">1 suite, 1 failed test</span>
    </div> <!-- top-banner-root -->
    <div class="navigator-root">
      <div class="navigator-suite-header">
        <span>All suites</span>
        <a href="#" class="collapse-all-link" title="Collapse/expand all the suites">
          <img class="collapse-all-icon" src="collapseall.gif">
          </img> <!-- collapse-all-icon -->
        </a> <!-- collapse-all-link -->
      </div> <!-- navigator-suite-header -->
      <div class="suite">
        <div class="rounded-window">
          <div class="suite-header light-rounded-window-top">
            <a href="#" class="navigator-link" panel-name="suite-BDD_Test_Suite">
              <span class="suite-name border-failed">BDD Test Suite</span>
            </a> <!-- navigator-link -->
          </div> <!-- suite-header light-rounded-window-top -->
          <div class="navigator-suite-content">
            <div class="suite-section-title">
              <span>Info</span>
            </div> <!-- suite-section-title -->
            <div class="suite-section-content">
              <ul>
                <li>
                  <a href="#" class="navigator-link " panel-name="test-xml-BDD_Test_Suite">
                    <span>D:\Users\VermaC\Workspace1\MeerQATS_Cucumber_RestAssured\MeerQATS_Cucumber_RestAssured\testng.xml</span>
                  </a> <!-- navigator-link  -->
                </li>
                <li>
                  <a href="#" class="navigator-link " panel-name="testlist-BDD_Test_Suite">
                    <span class="test-stats">1 test</span>
                  </a> <!-- navigator-link  -->
                </li>
                <li>
                  <a href="#" class="navigator-link " panel-name="group-BDD_Test_Suite">
                    <span>1 group</span>
                  </a> <!-- navigator-link  -->
                </li>
                <li>
                  <a href="#" class="navigator-link " panel-name="times-BDD_Test_Suite">
                    <span>Times</span>
                  </a> <!-- navigator-link  -->
                </li>
                <li>
                  <a href="#" class="navigator-link " panel-name="reporter-BDD_Test_Suite">
                    <span>Reporter output</span>
                  </a> <!-- navigator-link  -->
                </li>
                <li>
                  <a href="#" class="navigator-link " panel-name="ignored-methods-BDD_Test_Suite">
                    <span>Ignored methods</span>
                  </a> <!-- navigator-link  -->
                </li>
                <li>
                  <a href="#" class="navigator-link " panel-name="chronological-BDD_Test_Suite">
                    <span>Chronological view</span>
                  </a> <!-- navigator-link  -->
                </li>
              </ul>
            </div> <!-- suite-section-content -->
            <div class="result-section">
              <div class="suite-section-title">
                <span>Results</span>
              </div> <!-- suite-section-title -->
              <div class="suite-section-content">
                <ul>
                  <li>
                    <span class="method-stats">1 method, 1 failed,   </span>
                  </li>
                  <li>
                    <span class="method-list-title failed">Failed methods</span>
                    <span class="show-or-hide-methods failed">
                      <a href="#" panel-name="suite-BDD_Test_Suite" class="hide-methods failed suite-BDD_Test_Suite"> (hide)</a> <!-- hide-methods failed suite-BDD_Test_Suite -->
                      <a href="#" panel-name="suite-BDD_Test_Suite" class="show-methods failed suite-BDD_Test_Suite"> (show)</a> <!-- show-methods failed suite-BDD_Test_Suite -->
                    </span>
                    <div class="method-list-content failed suite-BDD_Test_Suite">
                      <span>
                        <img width="3%" src="failed.png"/>
                        <a href="#" class="method navigator-link" panel-name="suite-BDD_Test_Suite" title="com.moodys.meerqats.testrunner.Resttestrunner" hash-for-method="feature(Get Rating Actions For Accurate)">feature(Get Rating Actions For Accurate)</a> <!-- method navigator-link -->
                      </span>
                      <br/>
                    </div> <!-- method-list-content failed suite-BDD_Test_Suite -->
                  </li>
                </ul>
              </div> <!-- suite-section-content -->
            </div> <!-- result-section -->
          </div> <!-- navigator-suite-content -->
        </div> <!-- rounded-window -->
      </div> <!-- suite -->
    </div> <!-- navigator-root -->
    <div class="wrapper">
      <div class="main-panel-root">
        <div panel-name="suite-BDD_Test_Suite" class="panel BDD_Test_Suite">
          <div class="suite-BDD_Test_Suite-class-failed">
            <div class="main-panel-header rounded-window-top">
              <img src="failed.png"/>
              <span class="class-name">com.moodys.meerqats.testrunner.Resttestrunner</span>
            </div> <!-- main-panel-header rounded-window-top -->
            <div class="main-panel-content rounded-window-bottom">
              <div class="method">
                <div class="method-content">
                  <a name="feature(Get Rating Actions For Accurate)">
                  </a> <!-- feature(Get Rating Actions For Accurate) -->
                  <span class="method-name">feature</span>
                  <span class="parameters">(Get Rating Actions For Accurate)</span>
                  <div class="stack-trace">cucumber.runtime.CucumberException: java.lang.AssertionError: 1 expectation failed.
JSON path ratingActionID doesn&apos;t match.
Expected: 3371271
  Actual: [3318759, 3325243, 3329509, 3346017, 3371271, 3373783, 3374052, 3375156, 3375170, 3375201, 3376075, 3381022, 3383907, 3383986, 3383993, 3385652, 3393481, 3394715, 3396934, 3398123, 3400065, 3400077, 3400293, 3401494, 3401900, 3402839, 3418986, 3423753, 3424413, 3424413, 3425278, 3427740, 3427744, 3430533, 3433947, 3436316, 3437129, 3437632, 3438113, 3438118, 3438122, 3438419, 3439369, 3440084, 3440169, 3440475, 3440651, 3440779, 3440975, 3441068, 3441084, 3441164, 3442303, 3442401, 3442407, 3442411, 3442415, 3442422, 3442424, 3442426, 3442456, 3442462, 3442467, 3442475, 3443596, 3443606, 3443708, 3443711, 3443718, 3443723, 3443801, 3443898, 3443902, 3443907, 3443909, 3443911, 3443915, 3443916, 3443918, 3443934, 3443936, 3443938, 3443951, 3444518, 3444522, 3444524, 3444528, 3444534, 3444541, 3444543, 3444547, 3444549, 3444553, 3444571, 3444573, 3444577, 3444579, 3444585, 3444590, 3444598, 3444608, 3444794, 3445302, 3445307, 3445309, 3445315, 3445319, 3445331, 3445333, 3445337, 3445341, 3445343, 3445347, 3445349, 3445352, 3445354, 3445368, 3445566, 3445581, 3445603, 3445682, 3446178, 3446283, 3446298, 3446334, 3446340, 3446621, 3446876, 3446909, 3446933, 3446941, 3446957, 3446964, 3446998, 3447107, 3447109, 3447135, 3447288, 3447292, 3447295, 3447310, 3447325, 3447330, 3447349, 3447382, 3447384, 3447491, 3447622, 3447655, 3447788, 3447833, 3448146, 3448634, 3448710, 3448840, 3448851, 3448869, 3448950, 3449634, 3449927, 3449945, 3449952, 3449957, 3449967, 3449971, 3449980, 3449984, 3450002, 3450029, 3450031, 3450040, 3450045, 3450050, 3450052, 3450060, 3450062, 3450066, 3450068, 3450070, 3450072, 3450075, 3450078, 3450080, 3450086, 3450088, 3450090, 3450092, 3450109, 3450111, 3450113, 3450115, 3450119, 3450185, 3450305, 3450523, 3450538, 3450633, 3450774, 3450781, 3450788, 3450798, 3450803, 3450814, 3450826, 3450842, 3450851, 3450866, 3451241, 3451349, 3451382, 3451390, 3451398, 3451401, 3451403, 3451440, 3451454, 3451558, 3451595, 3451607, 3451705, 3451732, 3451744, 3451758, 3451761, 3451767, 3451991, 3452012, 3452073, 3452090, 3452208, 3452210, 3452224, 3452234, 3452314, 3452322, 3452428, 3452545, 3452583, 3453288, 3453345, 3453355, 3453538, 3453544, 3453627, 3453658, 3453674, 3453708, 3453776, 3453788, 3453837, 3453844, 3453966, 3454082, 3454140, 3454176, 3454336, 3454338, 3454551, 3454560, 3454595, 3454640, 3454723, 3454919, 3454941, 3455062, 3455070, 3455072, 3455082, 3455098, 3455121, 3455128, 3455139, 3455152, 3455154, 3455359, 3455363, 3455386, 3455396, 3455469, 3455493, 3455495, 3455513, 3455581, 3455585, 3455591, 3455620, 3456086, 3456178, 3456198, 3456222, 3456232, 3456367, 3456476, 3456502, 3456506, 3456538, 3456551, 3456590, 3456763, 3456772, 3456779, 3456798, 3456851, 3456859, 3456884, 3456912, 3456915, 3456933, 3456941, 3456941, 3456949, 3456963, 3456967, 3456980, 3456984, 3457009, 3457019, 3457064, 3457109, 3457189, 3457257, 3457265, 3457334, 3457337, 3457380, 3457470, 3457508, 3457516, 3457670, 3457681, 3457730, 3457736, 3457759, 3457816, 3457841, 3457921, 3458014, 3458018, 3458021, 3458031, 3458099, 3458185, 3458198, 3458245, 3458260, 3458284, 3458286, 3458319, 3458327, 3458331, 3458333, 3458339, 3458377, 3458384, 3458402, 3458407, 3458427, 3458464, 3458468, 3458477, 3458485, 3458665, 3458668, 3458676, 3458683, 3458718, 3458726, 3458734, 3458755, 3458797, 3458799, 3458808, 3458857, 3458881, 3458885, 3458892, 3458896, 3458898, 3458932, 3458937, 3458967, 3458971, 3458974, 3458993, 3458999, 3458999, 3459003, 3459035, 3459038, 3459040, 3459045, 3459048, 3459072, 3459079, 3459103, 3459115, 3459130, 3459137, 3459139, 3459146, 3459148, 3459180, 3459184, 3459219, 3459301, 3459369, 3459383, 3459405, 3459409, 3459411, 3459425, 3459428, 3459453, 3459455, 3459473, 3459489, 3459495, 3459525, 3459549, 3459785, 3459800, 3459803, 3459812, 3459818, 3459825, 3459833, 3459855, 3459896, 3459909, 3459934, 3459950, 3459968, 3459985, 3459987, 3460005, 3460015, 3460030, 3460036, 3460039, 3460050, 3460053, 3460056, 3460074, 3460082, 3460086, 3460090, 3460093, 3460107, 3460158, 3460184, 3460227, 3460264, 3460279, 3460339, 3460390, 3460401, 3460405, 3460419, 3460470, 3460485, 3460489, 3460508, 3460677, 3460705, 3460748, 3460915, 3460955, 3460962, 3461097]

	at cucumber.api.testng.TestNGCucumberRunner.runCucumber(TestNGCucumberRunner.java:69)
	at com.moodys.meerqats.testrunner.Resttestrunner.feature(Resttestrunner.java:38)
	at java.util.concurrent.FutureTask.run(FutureTask.java:266)
	at java.util.concurrent.ThreadPoolExecutor.runWorker(ThreadPoolExecutor.java:1149)
	at java.util.concurrent.ThreadPoolExecutor$Worker.run(ThreadPoolExecutor.java:624)
	at java.lang.Thread.run(Thread.java:748)
Caused by: java.lang.AssertionError: 1 expectation failed.
JSON path ratingActionID doesn&apos;t match.
Expected: 3371271
  Actual: [3318759, 3325243, 3329509, 3346017, 3371271, 3373783, 3374052, 3375156, 3375170, 3375201, 3376075, 3381022, 3383907, 3383986, 3383993, 3385652, 3393481, 3394715, 3396934, 3398123, 3400065, 3400077, 3400293, 3401494, 3401900, 3402839, 3418986, 3423753, 3424413, 3424413, 3425278, 3427740, 3427744, 3430533, 3433947, 3436316, 3437129, 3437632, 3438113, 3438118, 3438122, 3438419, 3439369, 3440084, 3440169, 3440475, 3440651, 3440779, 3440975, 3441068, 3441084, 3441164, 3442303, 3442401, 3442407, 3442411, 3442415, 3442422, 3442424, 3442426, 3442456, 3442462, 3442467, 3442475, 3443596, 3443606, 3443708, 3443711, 3443718, 3443723, 3443801, 3443898, 3443902, 3443907, 3443909, 3443911, 3443915, 3443916, 3443918, 3443934, 3443936, 3443938, 3443951, 3444518, 3444522, 3444524, 3444528, 3444534, 3444541, 3444543, 3444547, 3444549, 3444553, 3444571, 3444573, 3444577, 3444579, 3444585, 3444590, 3444598, 3444608, 3444794, 3445302, 3445307, 3445309, 3445315, 3445319, 3445331, 3445333, 3445337, 3445341, 3445343, 3445347, 3445349, 3445352, 3445354, 3445368, 3445566, 3445581, 3445603, 3445682, 3446178, 3446283, 3446298, 3446334, 3446340, 3446621, 3446876, 3446909, 3446933, 3446941, 3446957, 3446964, 3446998, 3447107, 3447109, 3447135, 3447288, 3447292, 3447295, 3447310, 3447325, 3447330, 3447349, 3447382, 3447384, 3447491, 3447622, 3447655, 3447788, 3447833, 3448146, 3448634, 3448710, 3448840, 3448851, 3448869, 3448950, 3449634, 3449927, 3449945, 3449952, 3449957, 3449967, 3449971, 3449980, 3449984, 3450002, 3450029, 3450031, 3450040, 3450045, 3450050, 3450052, 3450060, 3450062, 3450066, 3450068, 3450070, 3450072, 3450075, 3450078, 3450080, 3450086, 3450088, 3450090, 3450092, 3450109, 3450111, 3450113, 3450115, 3450119, 3450185, 3450305, 3450523, 3450538, 3450633, 3450774, 3450781, 3450788, 3450798, 3450803, 3450814, 3450826, 3450842, 3450851, 3450866, 3451241, 3451349, 3451382, 3451390, 3451398, 3451401, 3451403, 3451440, 3451454, 3451558, 3451595, 3451607, 3451705, 3451732, 3451744, 3451758, 3451761, 3451767, 3451991, 3452012, 3452073, 3452090, 3452208, 3452210, 3452224, 3452234, 3452314, 3452322, 3452428, 3452545, 3452583, 3453288, 3453345, 3453355, 3453538, 3453544, 3453627, 3453658, 3453674, 3453708, 3453776, 3453788, 3453837, 3453844, 3453966, 3454082, 3454140, 3454176, 3454336, 3454338, 3454551, 3454560, 3454595, 3454640, 3454723, 3454919, 3454941, 3455062, 3455070, 3455072, 3455082, 3455098, 3455121, 3455128, 3455139, 3455152, 3455154, 3455359, 3455363, 3455386, 3455396, 3455469, 3455493, 3455495, 3455513, 3455581, 3455585, 3455591, 3455620, 3456086, 3456178, 3456198, 3456222, 3456232, 3456367, 3456476, 3456502, 3456506, 3456538, 3456551, 3456590, 3456763, 3456772, 3456779, 3456798, 3456851, 3456859, 3456884, 3456912, 3456915, 3456933, 3456941, 3456941, 3456949, 3456963, 3456967, 3456980, 3456984, 3457009, 3457019, 3457064, 3457109, 3457189, 3457257, 3457265, 3457334, 3457337, 3457380, 3457470, 3457508, 3457516, 3457670, 3457681, 3457730, 3457736, 3457759, 3457816, 3457841, 3457921, 3458014, 3458018, 3458021, 3458031, 3458099, 3458185, 3458198, 3458245, 3458260, 3458284, 3458286, 3458319, 3458327, 3458331, 3458333, 3458339, 3458377, 3458384, 3458402, 3458407, 3458427, 3458464, 3458468, 3458477, 3458485, 3458665, 3458668, 3458676, 3458683, 3458718, 3458726, 3458734, 3458755, 3458797, 3458799, 3458808, 3458857, 3458881, 3458885, 3458892, 3458896, 3458898, 3458932, 3458937, 3458967, 3458971, 3458974, 3458993, 3458999, 3458999, 3459003, 3459035, 3459038, 3459040, 3459045, 3459048, 3459072, 3459079, 3459103, 3459115, 3459130, 3459137, 3459139, 3459146, 3459148, 3459180, 3459184, 3459219, 3459301, 3459369, 3459383, 3459405, 3459409, 3459411, 3459425, 3459428, 3459453, 3459455, 3459473, 3459489, 3459495, 3459525, 3459549, 3459785, 3459800, 3459803, 3459812, 3459818, 3459825, 3459833, 3459855, 3459896, 3459909, 3459934, 3459950, 3459968, 3459985, 3459987, 3460005, 3460015, 3460030, 3460036, 3460039, 3460050, 3460053, 3460056, 3460074, 3460082, 3460086, 3460090, 3460093, 3460107, 3460158, 3460184, 3460227, 3460264, 3460279, 3460339, 3460390, 3460401, 3460405, 3460419, 3460470, 3460485, 3460489, 3460508, 3460677, 3460705, 3460748, 3460915, 3460955, 3460962, 3461097]

	at org.codehaus.groovy.runtime.callsite.ConstructorSite$ConstructorSiteNoUnwrap.callConstructor(ConstructorSite.java:84)
	at org.codehaus.groovy.runtime.callsite.CallSiteArray.defaultCallConstructor(CallSiteArray.java:59)
	at org.codehaus.groovy.runtime.callsite.AbstractCallSite.callConstructor(AbstractCallSite.java:238)
	at org.codehaus.groovy.runtime.callsite.AbstractCallSite.callConstructor(AbstractCallSite.java:250)
	at io.restassured.internal.ResponseSpecificationImpl$HamcrestAssertionClosure.validate(ResponseSpecificationImpl.groovy:494)
	at io.restassured.internal.ResponseSpecificationImpl$HamcrestAssertionClosure$validate$1.call(Unknown Source)
	at io.restassured.internal.ResponseSpecificationImpl.validateResponseIfRequired(ResponseSpecificationImpl.groovy:656)
	at org.codehaus.groovy.runtime.callsite.PogoMetaMethodSite$PogoCachedMethodSiteNoUnwrapNoCoerce.invoke(PogoMetaMethodSite.java:210)
	at org.codehaus.groovy.runtime.callsite.PogoMetaMethodSite.callCurrent(PogoMetaMethodSite.java:59)
	at org.codehaus.groovy.runtime.callsite.CallSiteArray.defaultCallCurrent(CallSiteArray.java:51)
	at org.codehaus.groovy.runtime.callsite.AbstractCallSite.callCurrent(AbstractCallSite.java:157)
	at org.codehaus.groovy.runtime.callsite.AbstractCallSite.callCurrent(AbstractCallSite.java:169)
	at io.restassured.internal.ResponseSpecificationImpl.content(ResponseSpecificationImpl.groovy:277)
	at io.restassured.specification.ResponseSpecification$content$1.callCurrent(Unknown Source)
	at org.codehaus.groovy.runtime.callsite.CallSiteArray.defaultCallCurrent(CallSiteArray.java:51)
	at org.codehaus.groovy.runtime.callsite.AbstractCallSite.callCurrent(AbstractCallSite.java:157)
	at org.codehaus.groovy.runtime.callsite.AbstractCallSite.callCurrent(AbstractCallSite.java:193)
	at io.restassured.internal.ResponseSpecificationImpl.body(ResponseSpecificationImpl.groovy:260)
	at io.restassured.internal.ValidatableResponseOptionsImpl.body(ValidatableResponseOptionsImpl.java:274)
	at com.moodys.meerqats.stepdefinitions.ACCURATE_NEW.response_includes_the_following(ACCURATE_NEW.java:48)
	at âœ½.And response includes the following(src/main/java/Feature/ACCURATE_NEW.feature:6)
... Removed 26 stack frames
</div> <!-- stack-trace -->
                  <em>
(Runs Cucumber Feature)                  </em>
                </div> <!-- method-content -->
              </div> <!-- method -->
            </div> <!-- main-panel-content rounded-window-bottom -->
          </div> <!-- suite-BDD_Test_Suite-class-failed -->
        </div> <!-- panel BDD_Test_Suite -->
        <div panel-name="test-xml-BDD_Test_Suite" class="panel">
          <div class="main-panel-header rounded-window-top">
            <span class="header-content">D:\Users\VermaC\Workspace1\MeerQATS_Cucumber_RestAssured\MeerQATS_Cucumber_RestAssured\testng.xml</span>
          </div> <!-- main-panel-header rounded-window-top -->
          <div class="main-panel-content rounded-window-bottom">
            <pre>
&lt;?xml version=&quot;1.0&quot; encoding=&quot;UTF-8&quot;?&gt;
&lt;!DOCTYPE suite SYSTEM &quot;http://testng.org/testng-1.0.dtd&quot;&gt;
&lt;suite thread-count=&quot;1&quot; configfailurepolicy=&quot;continue&quot; guice-stage=&quot;DEVELOPMENT&quot; verbose=&quot;0&quot; name=&quot;BDD Test Suite&quot; parallel=&quot;tests&quot;&gt;
  &lt;test thread-count=&quot;1&quot; verbose=&quot;0&quot; name=&quot;FREE CRM Test&quot; parallel=&quot;tests&quot;&gt;
    &lt;classes&gt;
      &lt;class name=&quot;com.moodys.meerqats.testrunner.Resttestrunner&quot;/&gt;
    &lt;/classes&gt;
  &lt;/test&gt; &lt;!-- FREE CRM Test --&gt;
&lt;/suite&gt; &lt;!-- BDD Test Suite --&gt;
            </pre>
          </div> <!-- main-panel-content rounded-window-bottom -->
        </div> <!-- panel -->
        <div panel-name="testlist-BDD_Test_Suite" class="panel">
          <div class="main-panel-header rounded-window-top">
            <span class="header-content">Tests for BDD Test Suite</span>
          </div> <!-- main-panel-header rounded-window-top -->
          <div class="main-panel-content rounded-window-bottom">
            <ul>
              <li>
                <span class="test-name">FREE CRM Test (1 class)</span>
              </li>
            </ul>
          </div> <!-- main-panel-content rounded-window-bottom -->
        </div> <!-- panel -->
        <div panel-name="group-BDD_Test_Suite" class="panel">
          <div class="main-panel-header rounded-window-top">
            <span class="header-content">Groups for BDD Test Suite</span>
          </div> <!-- main-panel-header rounded-window-top -->
          <div class="main-panel-content rounded-window-bottom">
            <div class="test-group">
              <span class="test-group-name">cucumber</span>
              <br/>
              <div class="method-in-group">
                <span class="method-in-group-name">feature</span>
                <br/>
              </div> <!-- method-in-group -->
            </div> <!-- test-group -->
          </div> <!-- main-panel-content rounded-window-bottom -->
        </div> <!-- panel -->
        <div panel-name="times-BDD_Test_Suite" class="panel">
          <div class="main-panel-header rounded-window-top">
            <span class="header-content">Times for BDD Test Suite</span>
          </div> <!-- main-panel-header rounded-window-top -->
          <div class="main-panel-content rounded-window-bottom">
            <div class="times-div">
              <script type="text/javascript">
suiteTableInitFunctions.push('tableData_BDD_Test_Suite');
function tableData_BDD_Test_Suite() {
var data = new google.visualization.DataTable();
data.addColumn('number', 'Number');
data.addColumn('string', 'Method');
data.addColumn('string', 'Class');
data.addColumn('number', 'Time (ms)');
data.addRows(1);
data.setCell(0, 0, 0)
data.setCell(0, 1, 'feature')
data.setCell(0, 2, 'com.moodys.meerqats.testrunner.Resttestrunner')
data.setCell(0, 3, 635535);
window.suiteTableData['BDD_Test_Suite']= { tableData: data, tableDiv: 'times-div-BDD_Test_Suite'}
return data;
}
              </script>
              <span class="suite-total-time">Total running time: 10 minutes</span>
              <div id="times-div-BDD_Test_Suite">
              </div> <!-- times-div-BDD_Test_Suite -->
            </div> <!-- times-div -->
          </div> <!-- main-panel-content rounded-window-bottom -->
        </div> <!-- panel -->
        <div panel-name="reporter-BDD_Test_Suite" class="panel">
          <div class="main-panel-header rounded-window-top">
            <span class="header-content">Reporter output for BDD Test Suite</span>
          </div> <!-- main-panel-header rounded-window-top -->
          <div class="main-panel-content rounded-window-bottom">
          </div> <!-- main-panel-content rounded-window-bottom -->
        </div> <!-- panel -->
        <div panel-name="ignored-methods-BDD_Test_Suite" class="panel">
          <div class="main-panel-header rounded-window-top">
            <span class="header-content">0 ignored methods</span>
          </div> <!-- main-panel-header rounded-window-top -->
          <div class="main-panel-content rounded-window-bottom">
          </div> <!-- main-panel-content rounded-window-bottom -->
        </div> <!-- panel -->
        <div panel-name="chronological-BDD_Test_Suite" class="panel">
          <div class="main-panel-header rounded-window-top">
            <span class="header-content">Methods in chronological order</span>
          </div> <!-- main-panel-header rounded-window-top -->
          <div class="main-panel-content rounded-window-bottom">
            <div class="chronological-class">
              <div class="chronological-class-name">com.moodys.meerqats.testrunner.Resttestrunner</div> <!-- chronological-class-name -->
              <div class="configuration-class before">
                <span class="method-name">setUpClass</span>
                <span class="method-start">0 ms</span>
              </div> <!-- configuration-class before -->
              <div class="test-method">
                <img src="failed.png">
                </img>
                <span class="method-name">feature(Get Rating Actions For Accurate)</span>
                <span class="method-start">397 ms</span>
              </div> <!-- test-method -->
              <div class="configuration-class after">
                <span class="method-name">tearDownClass</span>
                <span class="method-start">635944 ms</span>
              </div> <!-- configuration-class after -->
          </div> <!-- main-panel-content rounded-window-bottom -->
        </div> <!-- panel -->
      </div> <!-- main-panel-root -->
    </div> <!-- wrapper -->
  </body>
</html>
