<?xml version="1.0" encoding="UTF-8"?>
<testng-results skipped="0" failed="0" ignored="0" total="2" passed="2">
  <reporter-output>
  </reporter-output>
  <suite name="BDD Test Suite" duration-ms="308069" started-at="2020-09-02T18:26:15Z" finished-at="2020-09-02T18:31:23Z">
    <groups>
      <group name="cucumber">
        <method signature="Resttestrunner.feature(cucumber.api.testng.CucumberFeatureWrapper)[pri:0, instance:com.moodys.meerqats.testrunner.Resttestrunner@73f792cf]" name="feature" class="com.moodys.meerqats.testrunner.Resttestrunner"/>
      </group> <!-- cucumber -->
    </groups>
    <test name="FREE CRM Test" duration-ms="308069" started-at="2020-09-02T18:26:15Z" finished-at="2020-09-02T18:31:23Z">
      <class name="com.moodys.meerqats.testrunner.Resttestrunner">
        <test-method status="PASS" signature="setUpClass()[pri:0, instance:com.moodys.meerqats.testrunner.Resttestrunner@73f792cf]" name="setUpClass" is-config="true" duration-ms="233" started-at="2020-09-02T18:26:15Z" finished-at="2020-09-02T18:26:15Z">
          <reporter-output>
          </reporter-output>
        </test-method> <!-- setUpClass -->
        <test-method status="PASS" signature="feature(cucumber.api.testng.CucumberFeatureWrapper)[pri:0, instance:com.moodys.meerqats.testrunner.Resttestrunner@73f792cf]" name="feature" duration-ms="251413" started-at="2020-09-02T18:26:15Z" description="Runs Cucumber Feature" data-provider="features" finished-at="2020-09-02T18:30:27Z">
          <params>
            <param index="0">
              <value>
                <![CDATA[Test ACCURATE Rest APIs]]>
              </value>
            </param>
          </params>
          <reporter-output>
          </reporter-output>
        </test-method> <!-- feature -->
        <test-method status="PASS" signature="feature(cucumber.api.testng.CucumberFeatureWrapper)[pri:0, instance:com.moodys.meerqats.testrunner.Resttestrunner@73f792cf]" name="feature" duration-ms="56269" started-at="2020-09-02T18:30:27Z" description="Runs Cucumber Feature" data-provider="features" finished-at="2020-09-02T18:31:23Z">
          <params>
            <param index="0">
              <value>
                <![CDATA[Test PYRAMID Rest APIs]]>
              </value>
            </param>
          </params>
          <reporter-output>
          </reporter-output>
        </test-method> <!-- feature -->
        <test-method status="PASS" signature="tearDownClass()[pri:0, instance:com.moodys.meerqats.testrunner.Resttestrunner@73f792cf]" name="tearDownClass" is-config="true" duration-ms="51" started-at="2020-09-02T18:31:23Z" finished-at="2020-09-02T18:31:23Z">
          <reporter-output>
          </reporter-output>
        </test-method> <!-- tearDownClass -->
      </class> <!-- com.moodys.meerqats.testrunner.Resttestrunner -->
    </test> <!-- FREE CRM Test -->
  </suite> <!-- BDD Test Suite -->
</testng-results>
