<?xml version="1.0" encoding="UTF-8"?>
<testng-results skipped="0" failed="0" ignored="0" total="3" passed="3">
  <reporter-output>
  </reporter-output>
  <suite name="BDD Test Suite" duration-ms="165325" started-at="2020-09-06T16:27:11Z" finished-at="2020-09-06T16:29:56Z">
    <groups>
      <group name="cucumber">
        <method signature="Resttestrunner.feature(cucumber.api.testng.CucumberFeatureWrapper)[pri:0, instance:com.moodys.meerqats.testrunner.Resttestrunner@73f792cf]" name="feature" class="com.moodys.meerqats.testrunner.Resttestrunner"/>
      </group> <!-- cucumber -->
    </groups>
    <test name="FREE CRM Test" duration-ms="165325" started-at="2020-09-06T16:27:11Z" finished-at="2020-09-06T16:29:56Z">
      <class name="com.moodys.meerqats.testrunner.Resttestrunner">
        <test-method status="PASS" signature="setUpClass()[pri:0, instance:com.moodys.meerqats.testrunner.Resttestrunner@73f792cf]" name="setUpClass" is-config="true" duration-ms="229" started-at="2020-09-06T16:27:11Z" finished-at="2020-09-06T16:27:11Z">
          <reporter-output>
          </reporter-output>
        </test-method> <!-- setUpClass -->
        <test-method status="PASS" signature="feature(cucumber.api.testng.CucumberFeatureWrapper)[pri:0, instance:com.moodys.meerqats.testrunner.Resttestrunner@73f792cf]" name="feature" duration-ms="25" started-at="2020-09-06T16:27:11Z" description="Runs Cucumber Feature" data-provider="features" finished-at="2020-09-06T16:27:11Z">
          <params>
            <param index="0">
              <value>
                <![CDATA[Test ACCURATE Rest APIs]]>
              </value>
            </param>
          </params>
          <reporter-output>
          </reporter-output>
        </test-method> <!-- feature -->
        <test-method status="PASS" signature="feature(cucumber.api.testng.CucumberFeatureWrapper)[pri:0, instance:com.moodys.meerqats.testrunner.Resttestrunner@73f792cf]" name="feature" duration-ms="112271" started-at="2020-09-06T16:27:11Z" description="Runs Cucumber Feature" data-provider="features" finished-at="2020-09-06T16:29:04Z">
          <params>
            <param index="0">
              <value>
                <![CDATA[Test PYRAMID Rest APIs]]>
              </value>
            </param>
          </params>
          <reporter-output>
          </reporter-output>
        </test-method> <!-- feature -->
        <test-method status="PASS" signature="feature(cucumber.api.testng.CucumberFeatureWrapper)[pri:0, instance:com.moodys.meerqats.testrunner.Resttestrunner@73f792cf]" name="feature" duration-ms="52670" started-at="2020-09-06T16:29:04Z" description="Runs Cucumber Feature" data-provider="features" finished-at="2020-09-06T16:29:56Z">
          <params>
            <param index="0">
              <value>
                <![CDATA[Get Rating Release Details]]>
              </value>
            </param>
          </params>
          <reporter-output>
          </reporter-output>
        </test-method> <!-- feature -->
        <test-method status="PASS" signature="tearDownClass()[pri:0, instance:com.moodys.meerqats.testrunner.Resttestrunner@73f792cf]" name="tearDownClass" is-config="true" duration-ms="23" started-at="2020-09-06T16:29:56Z" finished-at="2020-09-06T16:29:56Z">
          <reporter-output>
          </reporter-output>
        </test-method> <!-- tearDownClass -->
      </class> <!-- com.moodys.meerqats.testrunner.Resttestrunner -->
    </test> <!-- FREE CRM Test -->
  </suite> <!-- BDD Test Suite -->
</testng-results>
