<?xml version="1.0" encoding="UTF-8"?>
<!-- Generated by org.testng.reporters.JUnitXMLReporter -->
<testsuite hostname="DESKTOP-MDBLIRD" ignored="0" name="FREE CRM Test" tests="4" failures="0" timestamp="10 Sep 2020 12:49:42 GMT" time="204.914" errors="0">
  <testcase name="feature" time="0.029" classname="com.moodys.meerqats.testrunner.Resttestrunner"/>
  <testcase name="feature" time="4.307" classname="com.moodys.meerqats.testrunner.Resttestrunner"/>
  <testcase name="feature" time="137.446" classname="com.moodys.meerqats.testrunner.Resttestrunner"/>
  <testcase name="feature" time="62.731" classname="com.moodys.meerqats.testrunner.Resttestrunner"/>
</testsuite> <!-- FREE CRM Test -->
