<?xml version="1.0" encoding="UTF-8"?>
<!-- Generated by org.testng.reporters.JUnitXMLReporter -->
<testsuite hostname="DESKTOP-MDBLIRD" ignored="0" name="FREE CRM Test" tests="3" failures="0" timestamp="06 Sep 2020 16:29:56 GMT" time="165.325" errors="0">
  <testcase name="feature" time="0.025" classname="com.moodys.meerqats.testrunner.Resttestrunner"/>
  <testcase name="feature" time="112.271" classname="com.moodys.meerqats.testrunner.Resttestrunner"/>
  <testcase name="feature" time="52.67" classname="com.moodys.meerqats.testrunner.Resttestrunner"/>
</testsuite> <!-- FREE CRM Test -->
